C51 COMPILER V9.01   USEFUL                                                                02/12/2014 10:13:15 PAGE 1   


C51 COMPILER V9.01, COMPILATION OF MODULE USEFUL
OBJECT MODULE PLACED IN useful.OBJ
COMPILER INVOKED BY: d:\Keil4\C51\BIN\C51.EXE useful.c BROWSE DEBUG OBJECTEXTEND

line level    source

   1          #include "useful.h"
   2          void delayUs(uint t) {
   3   1              while (--t)
   4   1                      ;
   5   1      }
   6          
   7          void delayMs(unsigned char t) {
*** WARNING C235 IN LINE 7 OF USEFUL.C: parameter 1: different types
   8   1      
   9   1              while (t--) {
  10   2      
  11   2                      delayUs(245);
  12   2                      delayUs(245);
  13   2              }
  14   1      }


MODULE INFORMATION:   STATIC OVERLAYABLE
   CODE SIZE        =     35    ----
   CONSTANT SIZE    =   ----    ----
   XDATA SIZE       =   ----    ----
   PDATA SIZE       =   ----    ----
   DATA SIZE        =   ----    ----
   IDATA SIZE       =   ----    ----
   BIT SIZE         =   ----    ----
END OF MODULE INFORMATION.


C51 COMPILATION COMPLETE.  1 WARNING(S),  0 ERROR(S)
