C51 COMPILER V9.01   YUYIN                                                                 02/25/2014 14:04:46 PAGE 1   


C51 COMPILER V9.01, COMPILATION OF MODULE YUYIN
OBJECT MODULE PLACED IN yuyin.OBJ
COMPILER INVOKED BY: d:\Keil4\C51\BIN\C51.EXE yuyin.c LARGE BROWSE DEBUG OBJECTEXTEND

line level    source

   1          #include "yuyin.h"
   2          #include "config.h"
   3          void initYuyin(){
   4   1              rst=0;
   5   1              dat=0;
   6   1      }
   7          void yuyin(uchar cnt){
   8   1              if(configValueArr[CONFIG_SOUND]==0){
   9   2                      return;
  10   2              }
  11   1      //      while(busy==0);
  12   1              rst=1;
  13   1              delayUs(1000);
  14   1      
  15   1              rst=0;
  16   1      
  17   1              delayUs(1000);
  18   1              while(cnt>0){
  19   2                      dat=1;
  20   2      
  21   2                      delayUs(500);
  22   2                      dat=0;
  23   2      
  24   2                      delayUs(500);
  25   2      
  26   2                      cnt--;
  27   2              }
  28   1      
  29   1      }


MODULE INFORMATION:   STATIC OVERLAYABLE
   CODE SIZE        =     70    ----
   CONSTANT SIZE    =   ----    ----
   XDATA SIZE       =   ----       1
   PDATA SIZE       =   ----    ----
   DATA SIZE        =   ----    ----
   IDATA SIZE       =   ----    ----
   BIT SIZE         =   ----    ----
END OF MODULE INFORMATION.


C51 COMPILATION COMPLETE.  0 WARNING(S),  0 ERROR(S)
